mode: set
github.com/joeleonardo/golang_class_bookings/internal/forms/errors.go:5.44,7.2 1 1
github.com/joeleonardo/golang_class_bookings/internal/forms/errors.go:9.42,11.18 2 0
github.com/joeleonardo/golang_class_bookings/internal/forms/errors.go:15.2,15.14 1 0
github.com/joeleonardo/golang_class_bookings/internal/forms/errors.go:11.18,13.3 1 0
github.com/joeleonardo/golang_class_bookings/internal/forms/forms.go:16.33,21.2 1 1
github.com/joeleonardo/golang_class_bookings/internal/forms/forms.go:23.39,25.13 2 1
github.com/joeleonardo/golang_class_bookings/internal/forms/forms.go:30.2,30.13 1 1
github.com/joeleonardo/golang_class_bookings/internal/forms/forms.go:25.13,28.3 2 1
github.com/joeleonardo/golang_class_bookings/internal/forms/forms.go:33.29,35.2 1 1
github.com/joeleonardo/golang_class_bookings/internal/forms/forms.go:37.43,38.31 1 1
github.com/joeleonardo/golang_class_bookings/internal/forms/forms.go:38.31,40.37 2 1
github.com/joeleonardo/golang_class_bookings/internal/forms/forms.go:40.37,42.4 1 1
github.com/joeleonardo/golang_class_bookings/internal/forms/forms.go:46.57,48.21 2 1
github.com/joeleonardo/golang_class_bookings/internal/forms/forms.go:53.2,53.13 1 1
github.com/joeleonardo/golang_class_bookings/internal/forms/forms.go:48.21,51.3 2 0
github.com/joeleonardo/golang_class_bookings/internal/forms/forms.go:56.38,57.40 1 1
github.com/joeleonardo/golang_class_bookings/internal/forms/forms.go:57.40,59.3 1 1
